<?xml version="1.0" encoding="UTF-8"?>
<!-- Generated by org.testng.reporters.JUnitReportReporter -->
<testsuite hostname="WV621" name="Testcases.footer" tests="1" failures="0" timestamp="1 May 2017 12:00:05 GMT" time="475.080" errors="0">
  <testcase name="Footerlinktest" time="475.080" classname="Testcases.footer"/>
</testsuite> <!-- Testcases.footer -->
