<?xml version="1.0" encoding="UTF-8"?>
<!-- Generated by org.testng.reporters.JUnitReportReporter -->
<testsuite hostname="WV619" name="TestCases.FooterModule_12398_10_a" tests="2" failures="0" timestamp="17 Oct 2016 10:47:12 GMT" time="44.769" errors="0">
  <testcase name="testentrainmentfooterlinks" time="17.502" classname="TestCases.FooterModule_12398_10_a"/>
  <testcase name="testdeilverynfooterlinks" time="27.267" classname="TestCases.FooterModule_12398_10_a"/>
</testsuite> <!-- TestCases.FooterModule_12398_10_a -->
