<?xml version="1.0" encoding="UTF-8"?>
<!-- Generated by org.testng.reporters.JUnitReportReporter -->
<testsuite hostname="wv589" name="Temp_test" tests="1" failures="0" timestamp="2 Feb 2017 12:35:34 GMT" time="25.971" errors="0">
  <testcase name="sorttest" time="25.971" classname="Temp_test"/>
</testsuite> <!-- Temp_test -->
