<?xml version="1.0" encoding="UTF-8"?>
<!-- Generated by org.testng.reporters.JUnitReportReporter -->
<testsuite hostname="WV619" name="TestCases.ModalCartWindow_12398_03" tests="1" failures="0" timestamp="17 Oct 2016 10:47:12 GMT" time="82.045" errors="0">
  <testcase name="CartModalFunction" time="82.045" classname="TestCases.ModalCartWindow_12398_03"/>
</testsuite> <!-- TestCases.ModalCartWindow_12398_03 -->
