<?xml version="1.0" encoding="UTF-8"?>
<!-- Generated by org.testng.reporters.JUnitReportReporter -->
<testsuite hostname="WV619" name="TestCases.CallBack_12398_14" tests="1" failures="0" timestamp="17 Oct 2016 10:47:12 GMT" time="101.762" errors="0">
  <testcase name="CallBack_Function" time="101.762" classname="TestCases.CallBack_12398_14"/>
</testsuite> <!-- TestCases.CallBack_12398_14 -->
