<?xml version="1.0" encoding="UTF-8"?>
<!-- Generated by org.testng.reporters.JUnitReportReporter -->
<testsuite hostname="WV619" name="TestCases.SearchFunctionality_12398_06_07" tests="2" failures="0" timestamp="21 Oct 2016 10:21:29 GMT" time="65.205" errors="0">
  <testcase name="SearchFunction" time="15.907" classname="TestCases.SearchFunctionality_12398_06_07"/>
  <testcase name="SearchpageFunction" time="49.298" classname="TestCases.SearchFunctionality_12398_06_07"/>
</testsuite> <!-- TestCases.SearchFunctionality_12398_06_07 -->
