<?xml version="1.0" encoding="UTF-8"?>
<!-- Generated by org.testng.reporters.JUnitReportReporter -->
<testsuite hostname="WV619" name="TestCases.DeletingTrashdata" tests="1" failures="0" timestamp="26 Oct 2016 11:29:09 GMT" time="107.707" errors="0">
  <testcase name="testbefore" time="107.707" classname="TestCases.DeletingTrashdata"/>
</testsuite> <!-- TestCases.DeletingTrashdata -->
