<?xml version="1.0" encoding="UTF-8"?>
<!-- Generated by org.testng.reporters.JUnitReportReporter -->
<testsuite hostname="WV619" name="TestCases.Change_Password_12398_12" tests="2" failures="0" timestamp="17 Oct 2016 10:47:12 GMT" time="40.060" errors="0">
  <testcase name="testmethod" time="20.188" classname="TestCases.Change_Password_12398_12"/>
  <testcase name="test2ndmethod" time="19.872" classname="TestCases.Change_Password_12398_12"/>
</testsuite> <!-- TestCases.Change_Password_12398_12 -->
