<?xml version="1.0" encoding="UTF-8"?>
<!-- Generated by org.testng.reporters.JUnitReportReporter -->
<testsuite hostname="WV619" name="TestCases.FabricSampleFunction" tests="1" failures="0" timestamp="17 Oct 2016 10:47:12 GMT" time="85.066" errors="0">
  <testcase name="FabricSampleFunction" time="85.066" classname="TestCases.FabricSampleFunction"/>
</testsuite> <!-- TestCases.FabricSampleFunction -->
