<?xml version="1.0" encoding="UTF-8"?>
<!-- Generated by org.testng.reporters.JUnitReportReporter -->
<testsuite hostname="WV619" name="TestCases.ChangePassword_12398_11" tests="2" failures="0" timestamp="17 Oct 2016 10:47:12 GMT" time="108.411" errors="0">
  <testcase name="change_password_validation" time="71.373" classname="TestCases.ChangePassword_12398_11"/>
  <testcase name="change_password_update" time="37.038" classname="TestCases.ChangePassword_12398_11"/>
</testsuite> <!-- TestCases.ChangePassword_12398_11 -->
