<?xml version="1.0" encoding="UTF-8"?>
<!-- Generated by org.testng.reporters.JUnitReportReporter -->
<testsuite hostname="yogesh" name="HybridApp.NewTest" tests="1" failures="0" timestamp="23 Jan 2017 16:08:30 GMT" time="52.826" errors="0">
  <testcase name="f" time="52.826" classname="HybridApp.NewTest"/>
</testsuite> <!-- HybridApp.NewTest -->
