<?xml version="1.0" encoding="UTF-8"?>
<!-- Generated by org.testng.reporters.JUnitReportReporter -->
<testsuite name="web_automation.NewTest" tests="1" time="17.964" ignored="0" failures="0" timestamp="31 Jan 2017 10:35:46 GMT" skipped="0" hostname="LVC-PC-04" errors="0">
  <testcase name="test" time="17.964" classname="web_automation.NewTest"/>
</testsuite> <!-- web_automation.NewTest -->
