<?xml version="1.0" encoding="UTF-8"?>
<!-- Generated by org.testng.reporters.JUnitReportReporter -->
<testsuite skipped="0" hostname="Koenig-PC" name="testngFiles.Dependency" tests="3" failures="0" timestamp="27 May 2017 06:28:25 GMT" time="0.008" errors="0">
  <testcase name="closebrowser" time="0.002" classname="testngFiles.Dependency"/>
  <testcase name="gotourl" time="0.002" classname="testngFiles.Dependency"/>
  <testcase name="openbrowser" time="0.004" classname="testngFiles.Dependency"/>
</testsuite> <!-- testngFiles.Dependency -->
