<?xml version="1.0" encoding="UTF-8"?>
<!-- Generated by org.testng.reporters.JUnitReportReporter -->
<testsuite skipped="0" hostname="Koenig-PC" name="packTwo.Sequencing" tests="2" failures="0" timestamp="26 May 2017 21:48:57 GMT" time="0.006" errors="0">
  <testcase name="testCase2" time="0.003" classname="packTwo.Sequencing"/>
  <testcase name="testCase1" time="0.003" classname="packTwo.Sequencing"/>
</testsuite> <!-- packTwo.Sequencing -->
