<?xml version="1.0" encoding="UTF-8"?>
<!-- Generated by org.testng.reporters.JUnitReportReporter -->
<testsuite skipped="0" hostname="Koenig-PC" name="testngFiles.Sequencing" tests="2" failures="0" timestamp="27 May 2017 06:28:25 GMT" time="0.005" errors="0">
  <testcase name="testCase2" time="0.003" classname="testngFiles.Sequencing"/>
  <testcase name="testCase1" time="0.002" classname="testngFiles.Sequencing"/>
</testsuite> <!-- testngFiles.Sequencing -->
