<?xml version="1.0" encoding="UTF-8"?>
<!-- Generated by org.testng.reporters.JUnitReportReporter -->
<testsuite skipped="0" hostname="Koenig-PC" name="testngFiles.groups" tests="4" failures="0" timestamp="27 May 2017 06:28:25 GMT" time="0.009" errors="0">
  <testcase name="test1" time="0.002" classname="testngFiles.groups"/>
  <testcase name="test2" time="0.002" classname="testngFiles.groups"/>
  <testcase name="test3" time="0.003" classname="testngFiles.groups"/>
  <testcase name="test4" time="0.002" classname="testngFiles.groups"/>
</testsuite> <!-- testngFiles.groups -->
