<?xml version="1.0" encoding="UTF-8"?>
<!-- Generated by org.testng.reporters.JUnitReportReporter -->
<testsuite skipped="1" hostname="Koenig-PC" name="testngFiles.Priority" tests="4" failures="0" timestamp="27 May 2017 06:28:25 GMT" time="0.007" errors="0">
  <testcase name="One" time="0.001" classname="testngFiles.Priority"/>
  <testcase name="Two" time="0.001" classname="testngFiles.Priority"/>
  <testcase name="Four" time="0.005" classname="testngFiles.Priority"/>
  <testcase name="Three" classname="testngFiles.Priority">
    <skipped/>
  </testcase> <!-- Three -->
</testsuite> <!-- testngFiles.Priority -->
