<?xml version="1.0" encoding="UTF-8"?>
<!-- Generated by org.testng.reporters.JUnitReportReporter -->
<testsuite skipped="0" hostname="Koenig-PC" name="packTwo.Dependency" tests="3" failures="0" timestamp="27 May 2017 05:46:55 GMT" time="0.035" errors="0">
  <testcase name="openbrowser" time="0.020" classname="packTwo.Dependency"/>
  <testcase name="gotourl" time="0.003" classname="packTwo.Dependency"/>
  <testcase name="closebrowser" time="0.012" classname="packTwo.Dependency"/>
</testsuite> <!-- packTwo.Dependency -->
