<?xml version="1.0" encoding="UTF-8"?>
<!-- Generated by org.testng.reporters.JUnitReportReporter -->
<testsuite skipped="0" hostname="Koenig-PC" name="packTwo.Annotations" tests="1" failures="0" timestamp="27 May 2017 05:35:51 GMT" time="0.007" errors="0">
  <testcase name="test1" time="0.007" classname="packTwo.Annotations"/>
</testsuite> <!-- packTwo.Annotations -->
