<?xml version="1.0" encoding="UTF-8"?>
<!-- Generated by org.testng.reporters.JUnitReportReporter -->
<testsuite hostname="WV652" name="TestCases.testClass" tests="1" failures="0" timestamp="28 Dec 2016 11:05:16 GMT" time="17.503" errors="0">
  <testcase name="f" time="17.503" classname="TestCases.testClass"/>
</testsuite> <!-- TestCases.testClass -->
