<?xml version="1.0" encoding="UTF-8"?>
<!-- Generated by org.testng.reporters.JUnitReportReporter -->
<testsuite hostname="WV652" name="TestCases.WAP" tests="1" failures="0" timestamp="29 Dec 2016 11:35:39 GMT" time="23.060" errors="0">
  <testcase name="TestWap" time="23.060" classname="TestCases.WAP"/>
</testsuite> <!-- TestCases.WAP -->
