<?xml version="1.0" encoding="UTF-8"?>
<!-- Generated by org.testng.reporters.JUnitReportReporter -->
<testsuite hostname="wv589" name="testCases.TestClass" tests="1" failures="0" timestamp="16 Jun 2017 11:16:27 GMT" time="9.680" errors="0">
  <testcase name="f" time="9.680" classname="testCases.TestClass"/>
</testsuite> <!-- testCases.TestClass -->
